***********************************************
* GCTB 2.02                                   *
* Genome-wide Complex Trait Bayesian analysis *
* Author: Jian Zeng, Luke Lloyd-Jones         *
* MIT License                                 *
***********************************************

Analysis started: Fri Oct  7 15:24:19 2022

Options:

--sbayes S
--mldm /data/clusterfs/lag/users/gokala/beat-dyslexiaevol/resources/ukbEURu_hm3_shrunk_sparse/ukbEURu_hm3_sparse_mldm_list.txt
--gwas-summary /data/clusterfs/lag/users/gokala/beat-dyslexiaevol/results/gSEM/GenomicSEM_multivarGWAS_dys_rhyimp_v2_4gctb_v3.ma
--burn-in 2000
--out rhyimp_dys_genomicSEM

Reading SNP info from [/data/clusterfs/lag/users/gokala/beat-dyslexiaevol/resources/ukbEURu_hm3_shrunk_sparse/ukbEURu_hm3_sparse_mldm_list.txt]...
Reading SNP info from [/data/clusterfs/lag/users/gokala/beat-dyslexiaevol/resources/ukbEURu_hm3_shrunk_sparse/ukbEURu_hm3_chr10_v3_50k.ldm.sparse.info].
Reading SNP info from [/data/clusterfs/lag/users/gokala/beat-dyslexiaevol/resources/ukbEURu_hm3_shrunk_sparse/ukbEURu_hm3_chr10_v3_50k.ldm.sparse.info].
59662 SNPs to be included from [/data/clusterfs/lag/users/gokala/beat-dyslexiaevol/resources/ukbEURu_hm3_shrunk_sparse/ukbEURu_hm3_chr10_v3_50k.ldm.sparse.info].
Reading SNP info from [/data/clusterfs/lag/users/gokala/beat-dyslexiaevol/resources/ukbEURu_hm3_shrunk_sparse/ukbEURu_hm3_chr11_v3_50k.ldm.sparse.info].
Reading SNP info from [/data/clusterfs/lag/users/gokala/beat-dyslexiaevol/resources/ukbEURu_hm3_shrunk_sparse/ukbEURu_hm3_chr11_v3_50k.ldm.sparse.info].
113987 SNPs to be included from [/data/clusterfs/lag/users/gokala/beat-dyslexiaevol/resources/ukbEURu_hm3_shrunk_sparse/ukbEURu_hm3_chr11_v3_50k.ldm.sparse.info].
Reading SNP info from [/data/clusterfs/lag/users/gokala/beat-dyslexiaevol/resources/ukbEURu_hm3_shrunk_sparse/ukbEURu_hm3_chr12_v3_50k.ldm.sparse.info].
Reading SNP info from [/data/clusterfs/lag/users/gokala/beat-dyslexiaevol/resources/ukbEURu_hm3_shrunk_sparse/ukbEURu_hm3_chr12_v3_50k.ldm.sparse.info].
168063 SNPs to be included from [/data/clusterfs/lag/users/gokala/beat-dyslexiaevol/resources/ukbEURu_hm3_shrunk_sparse/ukbEURu_hm3_chr12_v3_50k.ldm.sparse.info].
Reading SNP info from [/data/clusterfs/lag/users/gokala/beat-dyslexiaevol/resources/ukbEURu_hm3_shrunk_sparse/ukbEURu_hm3_chr13_v3_50k.ldm.sparse.info].
Reading SNP info from [/data/clusterfs/lag/users/gokala/beat-dyslexiaevol/resources/ukbEURu_hm3_shrunk_sparse/ukbEURu_hm3_chr13_v3_50k.ldm.sparse.info].
210479 SNPs to be included from [/data/clusterfs/lag/users/gokala/beat-dyslexiaevol/resources/ukbEURu_hm3_shrunk_sparse/ukbEURu_hm3_chr13_v3_50k.ldm.sparse.info].
Reading SNP info from [/data/clusterfs/lag/users/gokala/beat-dyslexiaevol/resources/ukbEURu_hm3_shrunk_sparse/ukbEURu_hm3_chr14_v3_50k.ldm.sparse.info].
Reading SNP info from [/data/clusterfs/lag/users/gokala/beat-dyslexiaevol/resources/ukbEURu_hm3_shrunk_sparse/ukbEURu_hm3_chr14_v3_50k.ldm.sparse.info].
247664 SNPs to be included from [/data/clusterfs/lag/users/gokala/beat-dyslexiaevol/resources/ukbEURu_hm3_shrunk_sparse/ukbEURu_hm3_chr14_v3_50k.ldm.sparse.info].
Reading SNP info from [/data/clusterfs/lag/users/gokala/beat-dyslexiaevol/resources/ukbEURu_hm3_shrunk_sparse/ukbEURu_hm3_chr15_v3_50k.ldm.sparse.info].
Reading SNP info from [/data/clusterfs/lag/users/gokala/beat-dyslexiaevol/resources/ukbEURu_hm3_shrunk_sparse/ukbEURu_hm3_chr15_v3_50k.ldm.sparse.info].
281492 SNPs to be included from [/data/clusterfs/lag/users/gokala/beat-dyslexiaevol/resources/ukbEURu_hm3_shrunk_sparse/ukbEURu_hm3_chr15_v3_50k.ldm.sparse.info].
Reading SNP info from [/data/clusterfs/lag/users/gokala/beat-dyslexiaevol/resources/ukbEURu_hm3_shrunk_sparse/ukbEURu_hm3_chr16_v3_50k.ldm.sparse.info].
Reading SNP info from [/data/clusterfs/lag/users/gokala/beat-dyslexiaevol/resources/ukbEURu_hm3_shrunk_sparse/ukbEURu_hm3_chr16_v3_50k.ldm.sparse.info].
316678 SNPs to be included from [/data/clusterfs/lag/users/gokala/beat-dyslexiaevol/resources/ukbEURu_hm3_shrunk_sparse/ukbEURu_hm3_chr16_v3_50k.ldm.sparse.info].
Reading SNP info from [/data/clusterfs/lag/users/gokala/beat-dyslexiaevol/resources/ukbEURu_hm3_shrunk_sparse/ukbEURu_hm3_chr17_v3_50k.ldm.sparse.info].
Reading SNP info from [/data/clusterfs/lag/users/gokala/beat-dyslexiaevol/resources/ukbEURu_hm3_shrunk_sparse/ukbEURu_hm3_chr17_v3_50k.ldm.sparse.info].
346560 SNPs to be included from [/data/clusterfs/lag/users/gokala/beat-dyslexiaevol/resources/ukbEURu_hm3_shrunk_sparse/ukbEURu_hm3_chr17_v3_50k.ldm.sparse.info].
Reading SNP info from [/data/clusterfs/lag/users/gokala/beat-dyslexiaevol/resources/ukbEURu_hm3_shrunk_sparse/ukbEURu_hm3_chr18_v3_50k.ldm.sparse.info].
Reading SNP info from [/data/clusterfs/lag/users/gokala/beat-dyslexiaevol/resources/ukbEURu_hm3_shrunk_sparse/ukbEURu_hm3_chr18_v3_50k.ldm.sparse.info].
379731 SNPs to be included from [/data/clusterfs/lag/users/gokala/beat-dyslexiaevol/resources/ukbEURu_hm3_shrunk_sparse/ukbEURu_hm3_chr18_v3_50k.ldm.sparse.info].
Reading SNP info from [/data/clusterfs/lag/users/gokala/beat-dyslexiaevol/resources/ukbEURu_hm3_shrunk_sparse/ukbEURu_hm3_chr19_v3_50k.ldm.sparse.info].
Reading SNP info from [/data/clusterfs/lag/users/gokala/beat-dyslexiaevol/resources/ukbEURu_hm3_shrunk_sparse/ukbEURu_hm3_chr19_v3_50k.ldm.sparse.info].
400061 SNPs to be included from [/data/clusterfs/lag/users/gokala/beat-dyslexiaevol/resources/ukbEURu_hm3_shrunk_sparse/ukbEURu_hm3_chr19_v3_50k.ldm.sparse.info].
Reading SNP info from [/data/clusterfs/lag/users/gokala/beat-dyslexiaevol/resources/ukbEURu_hm3_shrunk_sparse/ukbEURu_hm3_chr1_v3_50k.ldm.sparse.info].
Reading SNP info from [/data/clusterfs/lag/users/gokala/beat-dyslexiaevol/resources/ukbEURu_hm3_shrunk_sparse/ukbEURu_hm3_chr1_v3_50k.ldm.sparse.info].
491502 SNPs to be included from [/data/clusterfs/lag/users/gokala/beat-dyslexiaevol/resources/ukbEURu_hm3_shrunk_sparse/ukbEURu_hm3_chr1_v3_50k.ldm.sparse.info].
Reading SNP info from [/data/clusterfs/lag/users/gokala/beat-dyslexiaevol/resources/ukbEURu_hm3_shrunk_sparse/ukbEURu_hm3_chr20_v3_50k.ldm.sparse.info].
Reading SNP info from [/data/clusterfs/lag/users/gokala/beat-dyslexiaevol/resources/ukbEURu_hm3_shrunk_sparse/ukbEURu_hm3_chr20_v3_50k.ldm.sparse.info].
520020 SNPs to be included from [/data/clusterfs/lag/users/gokala/beat-dyslexiaevol/resources/ukbEURu_hm3_shrunk_sparse/ukbEURu_hm3_chr20_v3_50k.ldm.sparse.info].
Reading SNP info from [/data/clusterfs/lag/users/gokala/beat-dyslexiaevol/resources/ukbEURu_hm3_shrunk_sparse/ukbEURu_hm3_chr21_v3_50k.ldm.sparse.info].
Reading SNP info from [/data/clusterfs/lag/users/gokala/beat-dyslexiaevol/resources/ukbEURu_hm3_shrunk_sparse/ukbEURu_hm3_chr21_v3_50k.ldm.sparse.info].
535948 SNPs to be included from [/data/clusterfs/lag/users/gokala/beat-dyslexiaevol/resources/ukbEURu_hm3_shrunk_sparse/ukbEURu_hm3_chr21_v3_50k.ldm.sparse.info].
Reading SNP info from [/data/clusterfs/lag/users/gokala/beat-dyslexiaevol/resources/ukbEURu_hm3_shrunk_sparse/ukbEURu_hm3_chr22_v3_50k.ldm.sparse.info].
Reading SNP info from [/data/clusterfs/lag/users/gokala/beat-dyslexiaevol/resources/ukbEURu_hm3_shrunk_sparse/ukbEURu_hm3_chr22_v3_50k.ldm.sparse.info].
551924 SNPs to be included from [/data/clusterfs/lag/users/gokala/beat-dyslexiaevol/resources/ukbEURu_hm3_shrunk_sparse/ukbEURu_hm3_chr22_v3_50k.ldm.sparse.info].
Reading SNP info from [/data/clusterfs/lag/users/gokala/beat-dyslexiaevol/resources/ukbEURu_hm3_shrunk_sparse/ukbEURu_hm3_chr2_v3_50k.ldm.sparse.info].
Reading SNP info from [/data/clusterfs/lag/users/gokala/beat-dyslexiaevol/resources/ukbEURu_hm3_shrunk_sparse/ukbEURu_hm3_chr2_v3_50k.ldm.sparse.info].
641339 SNPs to be included from [/data/clusterfs/lag/users/gokala/beat-dyslexiaevol/resources/ukbEURu_hm3_shrunk_sparse/ukbEURu_hm3_chr2_v3_50k.ldm.sparse.info].
Reading SNP info from [/data/clusterfs/lag/users/gokala/beat-dyslexiaevol/resources/ukbEURu_hm3_shrunk_sparse/ukbEURu_hm3_chr3_v3_50k.ldm.sparse.info].
Reading SNP info from [/data/clusterfs/lag/users/gokala/beat-dyslexiaevol/resources/ukbEURu_hm3_shrunk_sparse/ukbEURu_hm3_chr3_v3_50k.ldm.sparse.info].
717293 SNPs to be included from [/data/clusterfs/lag/users/gokala/beat-dyslexiaevol/resources/ukbEURu_hm3_shrunk_sparse/ukbEURu_hm3_chr3_v3_50k.ldm.sparse.info].
Reading SNP info from [/data/clusterfs/lag/users/gokala/beat-dyslexiaevol/resources/ukbEURu_hm3_shrunk_sparse/ukbEURu_hm3_chr4_v3_50k.ldm.sparse.info].
Reading SNP info from [/data/clusterfs/lag/users/gokala/beat-dyslexiaevol/resources/ukbEURu_hm3_shrunk_sparse/ukbEURu_hm3_chr4_v3_50k.ldm.sparse.info].
787615 SNPs to be included from [/data/clusterfs/lag/users/gokala/beat-dyslexiaevol/resources/ukbEURu_hm3_shrunk_sparse/ukbEURu_hm3_chr4_v3_50k.ldm.sparse.info].
Reading SNP info from [/data/clusterfs/lag/users/gokala/beat-dyslexiaevol/resources/ukbEURu_hm3_shrunk_sparse/ukbEURu_hm3_chr5_v3_50k.ldm.sparse.info].
Reading SNP info from [/data/clusterfs/lag/users/gokala/beat-dyslexiaevol/resources/ukbEURu_hm3_shrunk_sparse/ukbEURu_hm3_chr5_v3_50k.ldm.sparse.info].
856150 SNPs to be included from [/data/clusterfs/lag/users/gokala/beat-dyslexiaevol/resources/ukbEURu_hm3_shrunk_sparse/ukbEURu_hm3_chr5_v3_50k.ldm.sparse.info].
Reading SNP info from [/data/clusterfs/lag/users/gokala/beat-dyslexiaevol/resources/ukbEURu_hm3_shrunk_sparse/ukbEURu_hm3_chr6_v3_50k.ldm.sparse.info].
Reading SNP info from [/data/clusterfs/lag/users/gokala/beat-dyslexiaevol/resources/ukbEURu_hm3_shrunk_sparse/ukbEURu_hm3_chr6_v3_50k.ldm.sparse.info].
923072 SNPs to be included from [/data/clusterfs/lag/users/gokala/beat-dyslexiaevol/resources/ukbEURu_hm3_shrunk_sparse/ukbEURu_hm3_chr6_v3_50k.ldm.sparse.info].
Reading SNP info from [/data/clusterfs/lag/users/gokala/beat-dyslexiaevol/resources/ukbEURu_hm3_shrunk_sparse/ukbEURu_hm3_chr7_v3_50k.ldm.sparse.info].
Reading SNP info from [/data/clusterfs/lag/users/gokala/beat-dyslexiaevol/resources/ukbEURu_hm3_shrunk_sparse/ukbEURu_hm3_chr7_v3_50k.ldm.sparse.info].
983936 SNPs to be included from [/data/clusterfs/lag/users/gokala/beat-dyslexiaevol/resources/ukbEURu_hm3_shrunk_sparse/ukbEURu_hm3_chr7_v3_50k.ldm.sparse.info].
Reading SNP info from [/data/clusterfs/lag/users/gokala/beat-dyslexiaevol/resources/ukbEURu_hm3_shrunk_sparse/ukbEURu_hm3_chr8_v3_50k.ldm.sparse.info].
Reading SNP info from [/data/clusterfs/lag/users/gokala/beat-dyslexiaevol/resources/ukbEURu_hm3_shrunk_sparse/ukbEURu_hm3_chr8_v3_50k.ldm.sparse.info].
1042911 SNPs to be included from [/data/clusterfs/lag/users/gokala/beat-dyslexiaevol/resources/ukbEURu_hm3_shrunk_sparse/ukbEURu_hm3_chr8_v3_50k.ldm.sparse.info].
Reading SNP info from [/data/clusterfs/lag/users/gokala/beat-dyslexiaevol/resources/ukbEURu_hm3_shrunk_sparse/ukbEURu_hm3_chr9_v3_50k.ldm.sparse.info].
Reading SNP info from [/data/clusterfs/lag/users/gokala/beat-dyslexiaevol/resources/ukbEURu_hm3_shrunk_sparse/ukbEURu_hm3_chr9_v3_50k.ldm.sparse.info].
1094756 SNPs to be included from [/data/clusterfs/lag/users/gokala/beat-dyslexiaevol/resources/ukbEURu_hm3_shrunk_sparse/ukbEURu_hm3_chr9_v3_50k.ldm.sparse.info].
Reading GWAS summary data from [/data/clusterfs/lag/users/gokala/beat-dyslexiaevol/results/gSEM/GenomicSEM_multivarGWAS_dys_rhyimp_v2_4gctb_v3.ma].
flipped 697800 SNPs according to the minor allele in the reference and GWAS samples.
999178 matched SNPs in the GWAS summary data (in total 6614659 SNPs).
999178 SNPs on 22 chromosomes are included.
Reading sparse LD matrices from [/data/clusterfs/lag/users/gokala/beat-dyslexiaevol/resources/ukbEURu_hm3_shrunk_sparse/ukbEURu_hm3_sparse_mldm_list.txt]...
Read sparse LD matrix for 59662 SNPs from [/data/clusterfs/lag/users/gokala/beat-dyslexiaevol/resources/ukbEURu_hm3_shrunk_sparse/ukbEURu_hm3_chr10_v3_50k.ldm.sparse.bin].
Read sparse LD matrix for 54325 SNPs from [/data/clusterfs/lag/users/gokala/beat-dyslexiaevol/resources/ukbEURu_hm3_shrunk_sparse/ukbEURu_hm3_chr11_v3_50k.ldm.sparse.bin].
Read sparse LD matrix for 54076 SNPs from [/data/clusterfs/lag/users/gokala/beat-dyslexiaevol/resources/ukbEURu_hm3_shrunk_sparse/ukbEURu_hm3_chr12_v3_50k.ldm.sparse.bin].
Read sparse LD matrix for 42416 SNPs from [/data/clusterfs/lag/users/gokala/beat-dyslexiaevol/resources/ukbEURu_hm3_shrunk_sparse/ukbEURu_hm3_chr13_v3_50k.ldm.sparse.bin].
Read sparse LD matrix for 37185 SNPs from [/data/clusterfs/lag/users/gokala/beat-dyslexiaevol/resources/ukbEURu_hm3_shrunk_sparse/ukbEURu_hm3_chr14_v3_50k.ldm.sparse.bin].
Read sparse LD matrix for 33828 SNPs from [/data/clusterfs/lag/users/gokala/beat-dyslexiaevol/resources/ukbEURu_hm3_shrunk_sparse/ukbEURu_hm3_chr15_v3_50k.ldm.sparse.bin].
Read sparse LD matrix for 35186 SNPs from [/data/clusterfs/lag/users/gokala/beat-dyslexiaevol/resources/ukbEURu_hm3_shrunk_sparse/ukbEURu_hm3_chr16_v3_50k.ldm.sparse.bin].
Read sparse LD matrix for 29882 SNPs from [/data/clusterfs/lag/users/gokala/beat-dyslexiaevol/resources/ukbEURu_hm3_shrunk_sparse/ukbEURu_hm3_chr17_v3_50k.ldm.sparse.bin].
Read sparse LD matrix for 33171 SNPs from [/data/clusterfs/lag/users/gokala/beat-dyslexiaevol/resources/ukbEURu_hm3_shrunk_sparse/ukbEURu_hm3_chr18_v3_50k.ldm.sparse.bin].
Read sparse LD matrix for 20330 SNPs from [/data/clusterfs/lag/users/gokala/beat-dyslexiaevol/resources/ukbEURu_hm3_shrunk_sparse/ukbEURu_hm3_chr19_v3_50k.ldm.sparse.bin].
Read sparse LD matrix for 91441 SNPs from [/data/clusterfs/lag/users/gokala/beat-dyslexiaevol/resources/ukbEURu_hm3_shrunk_sparse/ukbEURu_hm3_chr1_v3_50k.ldm.sparse.bin].
Read sparse LD matrix for 28518 SNPs from [/data/clusterfs/lag/users/gokala/beat-dyslexiaevol/resources/ukbEURu_hm3_shrunk_sparse/ukbEURu_hm3_chr20_v3_50k.ldm.sparse.bin].
Read sparse LD matrix for 15928 SNPs from [/data/clusterfs/lag/users/gokala/beat-dyslexiaevol/resources/ukbEURu_hm3_shrunk_sparse/ukbEURu_hm3_chr21_v3_50k.ldm.sparse.bin].
Read sparse LD matrix for 15976 SNPs from [/data/clusterfs/lag/users/gokala/beat-dyslexiaevol/resources/ukbEURu_hm3_shrunk_sparse/ukbEURu_hm3_chr22_v3_50k.ldm.sparse.bin].
Read sparse LD matrix for 89415 SNPs from [/data/clusterfs/lag/users/gokala/beat-dyslexiaevol/resources/ukbEURu_hm3_shrunk_sparse/ukbEURu_hm3_chr2_v3_50k.ldm.sparse.bin].
Read sparse LD matrix for 75954 SNPs from [/data/clusterfs/lag/users/gokala/beat-dyslexiaevol/resources/ukbEURu_hm3_shrunk_sparse/ukbEURu_hm3_chr3_v3_50k.ldm.sparse.bin].
Read sparse LD matrix for 70322 SNPs from [/data/clusterfs/lag/users/gokala/beat-dyslexiaevol/resources/ukbEURu_hm3_shrunk_sparse/ukbEURu_hm3_chr4_v3_50k.ldm.sparse.bin].
Read sparse LD matrix for 68535 SNPs from [/data/clusterfs/lag/users/gokala/beat-dyslexiaevol/resources/ukbEURu_hm3_shrunk_sparse/ukbEURu_hm3_chr5_v3_50k.ldm.sparse.bin].
Read sparse LD matrix for 66922 SNPs from [/data/clusterfs/lag/users/gokala/beat-dyslexiaevol/resources/ukbEURu_hm3_shrunk_sparse/ukbEURu_hm3_chr6_v3_50k.ldm.sparse.bin].
Read sparse LD matrix for 60864 SNPs from [/data/clusterfs/lag/users/gokala/beat-dyslexiaevol/resources/ukbEURu_hm3_shrunk_sparse/ukbEURu_hm3_chr7_v3_50k.ldm.sparse.bin].
Read sparse LD matrix for 58975 SNPs from [/data/clusterfs/lag/users/gokala/beat-dyslexiaevol/resources/ukbEURu_hm3_shrunk_sparse/ukbEURu_hm3_chr8_v3_50k.ldm.sparse.bin].
Read sparse LD matrix for 51845 SNPs from [/data/clusterfs/lag/users/gokala/beat-dyslexiaevol/resources/ukbEURu_hm3_shrunk_sparse/ukbEURu_hm3_chr9_v3_50k.ldm.sparse.bin].
Per-SNP window size mean 3831.8 sd 1188.6.
LD matrix diagonal mean 1.00028 sd 0.0045847.
Read LD matrix for 999178 SNPs (time used: 0:1:40).

Data summary:
                                             mean       sd
            GWAS SNP Phenotypic variance    5.930    0.800
                 GWAS SNP heterozygosity      inf     -nan
                    GWAS SNP sample size  1745597        0
                         GWAS SNP effect   -0.000    0.005
                             GWAS SNP SE    0.004    0.002
            MME left-hand-side diagonals      inf     -nan
                     MME right-hand-side     -nan     -nan
                    LD sampling variance    1.138    0.043
                                LD score   18.832   14.469

Approximate BayesS model fitted. Algorithm: HMC.
scale factor: 0
MCMC launched ...
  Chain length: 50000 iterations
  Burn-in: 2000 iterations


Error: Zero SNP effect in the model for 100 cycles of sampling

Analysis finished: Fri Oct  7 15:26:18 2022
Computational time: 0:1:59
